<?xml version="1.0" encoding="UTF-8"?>
<testsuite name="service.client.ClientServiceImplTest" tests="3" skipped="0" failures="0" errors="0" timestamp="2020-11-25T18:58:38" hostname="DESKTOP-LHENT3I" time="0.003">
  <properties/>
  <testcase name="findAll" classname="service.client.ClientServiceImplTest" time="0.001"/>
  <testcase name="findByIdEx" classname="service.client.ClientServiceImplTest" time="0.0"/>
  <testcase name="save" classname="service.client.ClientServiceImplTest" time="0.001"/>
  <system-out><![CDATA[]]></system-out>
  <system-err><![CDATA[]]></system-err>
</testsuite>
