<?xml version="1.0" encoding="UTF-8"?>
<testsuite name="repository.client.ClientRepositoryMockTest" tests="4" skipped="0" failures="0" errors="0" timestamp="2020-11-25T18:58:38" hostname="DESKTOP-LHENT3I" time="0.004">
  <properties/>
  <testcase name="findAll" classname="repository.client.ClientRepositoryMockTest" time="0.0"/>
  <testcase name="findByIdEx" classname="repository.client.ClientRepositoryMockTest" time="0.001"/>
  <testcase name="updateName" classname="repository.client.ClientRepositoryMockTest" time="0.001"/>
  <testcase name="save" classname="repository.client.ClientRepositoryMockTest" time="0.0"/>
  <system-out><![CDATA[]]></system-out>
  <system-err><![CDATA[]]></system-err>
</testsuite>
