<?xml version="1.0" encoding="UTF-8"?>
<testsuite name="service.account.AccountServiceImplTest" tests="2" skipped="0" failures="0" errors="0" timestamp="2020-11-25T18:58:38" hostname="DESKTOP-LHENT3I" time="0.002">
  <properties/>
  <testcase name="findAll" classname="service.account.AccountServiceImplTest" time="0.001"/>
  <testcase name="findByIdEx" classname="service.account.AccountServiceImplTest" time="0.001"/>
  <system-out><![CDATA[]]></system-out>
  <system-err><![CDATA[]]></system-err>
</testsuite>
