<?xml version="1.0" encoding="UTF-8"?>
<testsuite name="repository.account.AccountRepositoryMySQLTest" tests="2" skipped="0" failures="0" errors="0" timestamp="2020-11-25T18:58:38" hostname="DESKTOP-LHENT3I" time="0.001">
  <properties/>
  <testcase name="findAll" classname="repository.account.AccountRepositoryMySQLTest" time="0.001"/>
  <testcase name="findAllWhenDbNotEmpty" classname="repository.account.AccountRepositoryMySQLTest" time="0.0"/>
  <system-out><![CDATA[]]></system-out>
  <system-err><![CDATA[]]></system-err>
</testsuite>
